<?xml version="1.0" encoding="UTF-8"?>
<TestRun id="608dcd52-de68-43ef-a3ec-3929d2abd222" name="lanfengqi@LANFENGQI-PC 2012-05-07 14:23:06" runUser="lanfengqi-PC\lanfengqi" xmlns="http://microsoft.com/schemas/VisualStudio/TeamTest/2010">
  <TestSettings name="Local" id="28d5472e-07ae-4bbf-9429-f420b8ac34cd">
    <Description>These are default test settings for a local test run.</Description>
    <Deployment enabled="false" runDeploymentRoot="lanfengqi_LANFENGQI-PC 2012-05-07 14_23_06">
      <DeploymentItem filename="I:\060.Temporary\020.EpubLib CSharp\EpubLib-Sharp\epublib\bin\Debug\epublib.dll" />
      <DeploymentItem filename="I:\060.Temporary\020.EpubLib CSharp\EpubLib-Sharp\packages\Ionic.Zip.1.0.0\lib\net40\Ionic.Zip.dll" />
    </Deployment>
    <Execution>
      <TestTypeSpecific />
      <AgentRule name="Execution Agents">
      </AgentRule>
    </Execution>
  </TestSettings>
  <Times creation="2012-05-07T14:23:06.9993947+08:00" queuing="2012-05-07T14:23:07.0873998+08:00" start="2012-05-07T14:23:07.1134013+08:00" finish="2012-05-07T14:23:07.4264192+08:00" />
  <ResultSummary outcome="Completed">
    <Counters total="1" executed="1" passed="1" error="0" failed="0" timeout="0" aborted="0" inconclusive="0" passedButRunAborted="0" notRunnable="0" notExecuted="0" disconnected="0" warning="0" completed="0" inProgress="0" pending="0" />
  </ResultSummary>
  <TestDefinitions>
    <UnitTest name="testGetContents1" storage="i:\060.temporary\020.epublib csharp\epublib-sharp\epublib.tests\bin\debug\epublib.tests.dll" id="3cab01b7-c31d-bc0c-bb3f-8573e1f5da5a">
      <Execution id="061f4de1-2259-4cbb-b80b-b2a9acee0858" />
      <TestMethod codeBase="I:/060.Temporary/020.EpubLib CSharp/EpubLib-Sharp/epublib.Tests/bin/Debug/epublib.Tests.DLL" adapterTypeName="Microsoft.VisualStudio.TestTools.TestTypes.Unit.UnitTestAdapter, Microsoft.VisualStudio.QualityTools.Tips.UnitTest.Adapter, Version=10.0.0.0, Culture=neutral, PublicKeyToken=b03f5f7f11d50a3a" className="epublib.Tests.BookTest, epublib.Tests, Version=1.0.0.0, Culture=neutral, PublicKeyToken=null" name="testGetContents1" />
    </UnitTest>
  </TestDefinitions>
  <TestLists>
    <TestList name="Results Not in a List" id="8c84fa94-04c1-424b-9868-57a2d4851a1d" />
    <TestList name="All Loaded Results" id="19431567-8539-422a-85d7-44ee4e166bda" />
  </TestLists>
  <TestEntries>
    <TestEntry testId="3cab01b7-c31d-bc0c-bb3f-8573e1f5da5a" executionId="061f4de1-2259-4cbb-b80b-b2a9acee0858" testListId="8c84fa94-04c1-424b-9868-57a2d4851a1d" />
  </TestEntries>
  <Results>
    <UnitTestResult executionId="061f4de1-2259-4cbb-b80b-b2a9acee0858" testId="3cab01b7-c31d-bc0c-bb3f-8573e1f5da5a" testName="testGetContents1" computerName="LANFENGQI-PC" duration="00:00:00.0386550" startTime="2012-05-07T14:23:07.1194016+08:00" endTime="2012-05-07T14:23:07.3674158+08:00" testType="13cdc9d9-ddb5-4fa4-a97d-d965ccfc6d4b" outcome="Passed" testListId="8c84fa94-04c1-424b-9868-57a2d4851a1d" relativeResultsDirectory="061f4de1-2259-4cbb-b80b-b2a9acee0858">
    </UnitTestResult>
  </Results>
</TestRun>