<?xml version="1.0" encoding="UTF-8"?>
<TestRun id="f306fb49-e89b-46c2-a241-9f6e18d12370" name="lanfengqi@LANFENGQI-PC 2012-05-07 14:22:41" runUser="lanfengqi-PC\lanfengqi" xmlns="http://microsoft.com/schemas/VisualStudio/TeamTest/2010">
  <TestSettings name="Local" id="28d5472e-07ae-4bbf-9429-f420b8ac34cd">
    <Description>These are default test settings for a local test run.</Description>
    <Deployment enabled="false" runDeploymentRoot="lanfengqi_LANFENGQI-PC 2012-05-07 14_22_41">
      <DeploymentItem filename="I:\060.Temporary\020.EpubLib CSharp\EpubLib-Sharp\epublib\bin\Debug\epublib.dll" />
      <DeploymentItem filename="I:\060.Temporary\020.EpubLib CSharp\EpubLib-Sharp\packages\Ionic.Zip.1.0.0\lib\net40\Ionic.Zip.dll" />
    </Deployment>
    <Execution>
      <TestTypeSpecific />
      <AgentRule name="Execution Agents">
      </AgentRule>
    </Execution>
  </TestSettings>
  <Times creation="2012-05-07T14:22:41.7742209+08:00" queuing="2012-05-07T14:22:42.4452593+08:00" start="2012-05-07T14:22:42.7662777+08:00" finish="2012-05-07T14:22:46.7918962+08:00" />
  <ResultSummary outcome="Completed">
    <Counters total="2" executed="2" passed="2" error="0" failed="0" timeout="0" aborted="0" inconclusive="0" passedButRunAborted="0" notRunnable="0" notExecuted="0" disconnected="0" warning="0" completed="0" inProgress="0" pending="0" />
  </ResultSummary>
  <TestDefinitions>
    <UnitTest name="testGetContents1" storage="i:\060.temporary\020.epublib csharp\epublib-sharp\epublib.tests\bin\debug\epublib.tests.dll" id="3cab01b7-c31d-bc0c-bb3f-8573e1f5da5a">
      <Execution id="c67dc73c-74a5-4272-80cd-82cae3933bc4" />
      <TestMethod codeBase="I:/060.Temporary/020.EpubLib CSharp/EpubLib-Sharp/epublib.Tests/bin/Debug/epublib.Tests.DLL" adapterTypeName="Microsoft.VisualStudio.TestTools.TestTypes.Unit.UnitTestAdapter, Microsoft.VisualStudio.QualityTools.Tips.UnitTest.Adapter, Version=10.0.0.0, Culture=neutral, PublicKeyToken=b03f5f7f11d50a3a" className="epublib.Tests.BookTest, epublib.Tests, Version=1.0.0.0, Culture=neutral, PublicKeyToken=null" name="testGetContents1" />
    </UnitTest>
    <UnitTest name="BookConstructorTest" storage="i:\060.temporary\020.epublib csharp\epublib-sharp\epublib.tests\bin\debug\epublib.tests.dll" id="edf3223d-f1d6-7876-e6ef-a4c4e5eba278">
      <Execution id="4b7dfb21-ccfa-4b93-9877-6565a9a0aad4" />
      <TestMethod codeBase="I:/060.Temporary/020.EpubLib CSharp/EpubLib-Sharp/epublib.Tests/bin/Debug/epublib.Tests.DLL" adapterTypeName="Microsoft.VisualStudio.TestTools.TestTypes.Unit.UnitTestAdapter, Microsoft.VisualStudio.QualityTools.Tips.UnitTest.Adapter, Version=10.0.0.0, Culture=neutral, PublicKeyToken=b03f5f7f11d50a3a" className="epublib.Tests.BookTest, epublib.Tests, Version=1.0.0.0, Culture=neutral, PublicKeyToken=null" name="BookConstructorTest" />
    </UnitTest>
  </TestDefinitions>
  <TestLists>
    <TestList name="Results Not in a List" id="8c84fa94-04c1-424b-9868-57a2d4851a1d" />
    <TestList name="All Loaded Results" id="19431567-8539-422a-85d7-44ee4e166bda" />
  </TestLists>
  <TestEntries>
    <TestEntry testId="edf3223d-f1d6-7876-e6ef-a4c4e5eba278" executionId="4b7dfb21-ccfa-4b93-9877-6565a9a0aad4" testListId="8c84fa94-04c1-424b-9868-57a2d4851a1d" />
    <TestEntry testId="3cab01b7-c31d-bc0c-bb3f-8573e1f5da5a" executionId="c67dc73c-74a5-4272-80cd-82cae3933bc4" testListId="8c84fa94-04c1-424b-9868-57a2d4851a1d" />
  </TestEntries>
  <Results>
    <UnitTestResult executionId="4b7dfb21-ccfa-4b93-9877-6565a9a0aad4" testId="edf3223d-f1d6-7876-e6ef-a4c4e5eba278" testName="BookConstructorTest" computerName="LANFENGQI-PC" duration="00:00:01.5379966" startTime="2012-05-07T14:22:42.9002853+08:00" endTime="2012-05-07T14:22:45.2074107+08:00" testType="13cdc9d9-ddb5-4fa4-a97d-d965ccfc6d4b" outcome="Passed" testListId="8c84fa94-04c1-424b-9868-57a2d4851a1d" relativeResultsDirectory="4b7dfb21-ccfa-4b93-9877-6565a9a0aad4">
    </UnitTestResult>
    <UnitTestResult executionId="c67dc73c-74a5-4272-80cd-82cae3933bc4" testId="3cab01b7-c31d-bc0c-bb3f-8573e1f5da5a" testName="testGetContents1" computerName="LANFENGQI-PC" duration="00:00:01.5301351" startTime="2012-05-07T14:22:45.2134111+08:00" endTime="2012-05-07T14:22:46.7578943+08:00" testType="13cdc9d9-ddb5-4fa4-a97d-d965ccfc6d4b" outcome="Passed" testListId="8c84fa94-04c1-424b-9868-57a2d4851a1d" relativeResultsDirectory="c67dc73c-74a5-4272-80cd-82cae3933bc4">
    </UnitTestResult>
  </Results>
</TestRun>