<?xml version="1.0" encoding="UTF-8"?>
<TestRun id="34c5e105-57e4-4ca6-b5c3-7566107b9d9d" name="lanfengqi@LANFENGQI-PC 2012-05-07 14:04:18" runUser="lanfengqi-PC\lanfengqi" xmlns="http://microsoft.com/schemas/VisualStudio/TeamTest/2010">
  <TestSettings name="Local" id="28d5472e-07ae-4bbf-9429-f420b8ac34cd">
    <Description>These are default test settings for a local test run.</Description>
    <Deployment enabled="false" runDeploymentRoot="lanfengqi_LANFENGQI-PC 2012-05-07 14_04_18">
      <DeploymentItem filename="I:\060.Temporary\020.EpubLib CSharp\EpubLib-Sharp\epublib\bin\Debug\epublib.dll" />
      <DeploymentItem filename="I:\060.Temporary\020.EpubLib CSharp\EpubLib-Sharp\packages\Ionic.Zip.1.0.0\lib\net40\Ionic.Zip.dll" />
    </Deployment>
    <Execution>
      <TestTypeSpecific />
      <AgentRule name="Execution Agents">
      </AgentRule>
    </Execution>
  </TestSettings>
  <Times creation="2012-05-07T14:04:18.0536308+08:00" queuing="2012-05-07T14:04:22.5676754+08:00" start="2012-05-07T14:04:22.8136895+08:00" finish="2012-05-07T14:04:38.6545468+08:00" />
  <ResultSummary outcome="Inconclusive">
    <Counters total="1" executed="1" error="0" failed="0" timeout="0" aborted="0" inconclusive="1" passedButRunAborted="0" notRunnable="0" notExecuted="0" disconnected="0" warning="0" passed="0" completed="0" inProgress="0" pending="0" />
  </ResultSummary>
  <TestDefinitions>
    <UnitTest name="BookConstructorTest" storage="i:\060.temporary\020.epublib csharp\epublib-sharp\epublib.tests\bin\debug\epublib.tests.dll" id="edf3223d-f1d6-7876-e6ef-a4c4e5eba278">
      <Execution id="c70d74fb-b79f-4ba9-a2ed-f38acb256587" />
      <TestMethod codeBase="I:/060.Temporary/020.EpubLib CSharp/EpubLib-Sharp/epublib.Tests/bin/Debug/epublib.Tests.DLL" adapterTypeName="Microsoft.VisualStudio.TestTools.TestTypes.Unit.UnitTestAdapter, Microsoft.VisualStudio.QualityTools.Tips.UnitTest.Adapter, Version=10.0.0.0, Culture=neutral, PublicKeyToken=b03f5f7f11d50a3a" className="epublib.Tests.BookTest, epublib.Tests, Version=1.0.0.0, Culture=neutral, PublicKeyToken=null" name="BookConstructorTest" />
    </UnitTest>
  </TestDefinitions>
  <TestLists>
    <TestList name="Results Not in a List" id="8c84fa94-04c1-424b-9868-57a2d4851a1d" />
    <TestList name="All Loaded Results" id="19431567-8539-422a-85d7-44ee4e166bda" />
  </TestLists>
  <TestEntries>
    <TestEntry testId="edf3223d-f1d6-7876-e6ef-a4c4e5eba278" executionId="c70d74fb-b79f-4ba9-a2ed-f38acb256587" testListId="8c84fa94-04c1-424b-9868-57a2d4851a1d" />
  </TestEntries>
  <Results>
    <UnitTestResult executionId="c70d74fb-b79f-4ba9-a2ed-f38acb256587" testId="edf3223d-f1d6-7876-e6ef-a4c4e5eba278" testName="BookConstructorTest" computerName="LANFENGQI-PC" duration="00:00:14.3876312" startTime="2012-05-07T14:04:22.9700950+08:00" endTime="2012-05-07T14:04:38.5275407+08:00" testType="13cdc9d9-ddb5-4fa4-a97d-d965ccfc6d4b" outcome="Inconclusive" testListId="8c84fa94-04c1-424b-9868-57a2d4851a1d" relativeResultsDirectory="c70d74fb-b79f-4ba9-a2ed-f38acb256587">
      <Output>
        <ErrorInfo>
          <Message>Assert.Inconclusive failed. TODO: Implement code to verify target</Message>
          <StackTrace>   at epublib.Tests.BookTest.BookConstructorTest() in I:\060.Temporary\020.EpubLib CSharp\EpubLib-Sharp\epublib.Tests\BookTest.cs:line 81
</StackTrace>
        </ErrorInfo>
      </Output>
    </UnitTestResult>
  </Results>
</TestRun>